<?xml version="1.0" encoding="UTF-8"?>
<!-- Generated by org.testng.reporters.JUnitReportReporter -->
<testsuite hostname="Shree-PC" failures="0" tests="2" name="com.TestNG.TestNGexample" time="0.021" errors="0" timestamp="2024-02-14T22:54:05 IST" skipped="0">
  <testcase classname="com.TestNG.TestNGexample" name="test1" time="0.013"/>
  <testcase classname="com.TestNG.TestNGexample" name="test2" time="0.008"/>
</testsuite> <!-- com.TestNG.TestNGexample -->
